VARIABLES = X, Y, Z, u, v, w, rho, p 
CELLS = 6, 6, 6,
5.23598775598299e-001 5.23598775598299e-001 5.23598775598299e-001 3.74999999996760e-001 -3.74999999996760e-001 0.00000000000000e+000 1.00000000000000e+000 1.00156250000010e+002 
5.23598775598299e-001 5.23598775598299e-001 1.57079632679490e+000 1.94407946799699e-011 -1.94407946799699e-011 0.00000000000000e+000 1.00000000000000e+000 1.00062500000003e+002 
5.23598775598299e-001 5.23598775598299e-001 2.61799387799149e+000 -3.74999999977319e-001 3.74999999977319e-001 0.00000000000000e+000 1.00000000000000e+000 1.00156250000000e+002 
5.23598775598299e-001 5.23598775598299e-001 3.66519142918809e+000 -3.75000000016201e-001 3.75000000016201e-001 0.00000000000000e+000 1.00000000000000e+000 1.00156250000019e+002 
5.23598775598299e-001 5.23598775598299e-001 4.71238898038469e+000 -5.83223840399097e-011 5.83223840399097e-011 0.00000000000000e+000 1.00000000000000e+000 1.00062500000003e+002 
5.23598775598299e-001 5.23598775598299e-001 5.75958653158129e+000 3.74999999957878e-001 -3.74999999957878e-001 0.00000000000000e+000 1.00000000000000e+000 1.00156249999990e+002 
5.23598775598299e-001 1.57079632679490e+000 5.23598775598299e-001 1.94407946799699e-011 -7.50000000012961e-001 0.00000000000000e+000 1.00000000000000e+000 9.99218750000032e+001 
5.23598775598299e-001 1.57079632679490e+000 1.57079632679490e+000 1.00785199411203e-021 -3.88815893609477e-011 0.00000000000000e+000 1.00000000000000e+000 9.99687500000016e+001 
5.23598775598299e-001 1.57079632679490e+000 2.61799387799149e+000 -1.94407946789621e-011 7.49999999974079e-001 0.00000000000000e+000 1.00000000000000e+000 9.99218750000081e+001 
5.23598775598299e-001 1.57079632679490e+000 3.66519142918809e+000 -1.94407946809778e-011 7.50000000051842e-001 0.00000000000000e+000 1.00000000000000e+000 9.99218749999984e+001 
5.23598775598299e-001 1.57079632679490e+000 4.71238898038469e+000 -3.02355598233609e-021 1.16644768082843e-010 0.00000000000000e+000 1.00000000000000e+000 9.99687500000016e+001 
5.23598775598299e-001 1.57079632679490e+000 5.75958653158129e+000 1.94407946779542e-011 -7.49999999935197e-001 0.00000000000000e+000 1.00000000000000e+000 9.99218750000130e+001 
5.23598775598299e-001 2.61799387799149e+000 5.23598775598299e-001 -3.74999999977319e-001 -3.75000000055083e-001 0.00000000000000e+000 1.00000000000000e+000 1.00156249999985e+002 
5.23598775598299e-001 2.61799387799149e+000 1.57079632679490e+000 -1.94407946789621e-011 -1.94407946829935e-011 0.00000000000000e+000 1.00000000000000e+000 1.00062499999994e+002 
5.23598775598299e-001 2.61799387799149e+000 2.61799387799149e+000 3.74999999957878e-001 3.75000000035642e-001 0.00000000000000e+000 1.00000000000000e+000 1.00156249999976e+002 
5.23598775598299e-001 2.61799387799149e+000 3.66519142918809e+000 3.74999999996760e-001 3.75000000074523e-001 0.00000000000000e+000 1.00000000000000e+000 1.00156249999995e+002 
5.23598775598299e-001 2.61799387799149e+000 4.71238898038469e+000 5.83223840368861e-011 5.83223840489804e-011 0.00000000000000e+000 1.00000000000000e+000 1.00062499999994e+002 
5.23598775598299e-001 2.61799387799149e+000 5.75958653158129e+000 -3.74999999938437e-001 -3.75000000016201e-001 0.00000000000000e+000 1.00000000000000e+000 1.00156249999966e+002 
5.23598775598299e-001 3.66519142918809e+000 5.23598775598299e-001 -3.75000000016201e-001 3.74999999938437e-001 0.00000000000000e+000 1.00000000000000e+000 1.00156250000034e+002 
5.23598775598299e-001 3.66519142918809e+000 1.57079632679490e+000 -1.94407946809778e-011 1.94407946769464e-011 0.00000000000000e+000 1.00000000000000e+000 1.00062500000013e+002 
5.23598775598299e-001 3.66519142918809e+000 2.61799387799149e+000 3.74999999996760e-001 -3.74999999918997e-001 0.00000000000000e+000 1.00000000000000e+000 1.00156250000024e+002 
5.23598775598299e-001 3.66519142918809e+000 3.66519142918809e+000 3.75000000035641e-001 -3.74999999957878e-001 0.00000000000000e+000 1.00000000000000e+000 1.00156250000044e+002 
5.23598775598299e-001 3.66519142918809e+000 4.71238898038469e+000 5.83223840429333e-011 -5.83223840308390e-011 0.00000000000000e+000 1.00000000000000e+000 1.00062500000013e+002 
5.23598775598299e-001 3.66519142918809e+000 5.75958653158129e+000 -3.74999999977319e-001 3.74999999899556e-001 0.00000000000000e+000 1.00000000000000e+000 1.00156250000015e+002 
5.23598775598299e-001 4.71238898038469e+000 5.23598775598299e-001 -5.83223840399097e-011 7.50000000012961e-001 0.00000000000000e+000 1.00000000000000e+000 9.99218750000032e+001 
5.23598775598299e-001 4.71238898038469e+000 1.57079632679490e+000 -3.02355598233609e-021 3.88815893609477e-011 0.00000000000000e+000 1.00000000000000e+000 9.99687500000016e+001 
5.23598775598299e-001 4.71238898038469e+000 2.61799387799149e+000 5.83223840368861e-011 -7.49999999974079e-001 0.00000000000000e+000 1.00000000000000e+000 9.99218750000081e+001 
5.23598775598299e-001 4.71238898038469e+000 3.66519142918809e+000 5.83223840429333e-011 -7.50000000051842e-001 0.00000000000000e+000 1.00000000000000e+000 9.99218749999984e+001 
5.23598775598299e-001 4.71238898038469e+000 4.71238898038469e+000 9.07066794700828e-021 -1.16644768082843e-010 0.00000000000000e+000 1.00000000000000e+000 9.99687500000016e+001 
5.23598775598299e-001 4.71238898038469e+000 5.75958653158129e+000 -5.83223840338626e-011 7.49999999935197e-001 0.00000000000000e+000 1.00000000000000e+000 9.99218750000130e+001 
5.23598775598299e-001 5.75958653158129e+000 5.23598775598299e-001 3.74999999957878e-001 3.75000000113405e-001 0.00000000000000e+000 1.00000000000000e+000 1.00156249999961e+002 
5.23598775598299e-001 5.75958653158129e+000 1.57079632679490e+000 1.94407946779542e-011 1.94407946860170e-011 0.00000000000000e+000 1.00000000000000e+000 1.00062499999984e+002 
5.23598775598299e-001 5.75958653158129e+000 2.61799387799149e+000 -3.74999999938437e-001 -3.75000000093964e-001 0.00000000000000e+000 1.00000000000000e+000 1.00156249999951e+002 
5.23598775598299e-001 5.75958653158129e+000 3.66519142918809e+000 -3.74999999977319e-001 -3.75000000132845e-001 0.00000000000000e+000 1.00000000000000e+000 1.00156249999971e+002 
5.23598775598299e-001 5.75958653158129e+000 4.71238898038469e+000 -5.83223840338626e-011 -5.83223840580510e-011 0.00000000000000e+000 1.00000000000000e+000 1.00062499999984e+002 
5.23598775598299e-001 5.75958653158129e+000 5.75958653158129e+000 3.74999999918997e-001 3.75000000074523e-001 0.00000000000000e+000 1.00000000000000e+000 1.00156249999942e+002 
1.57079632679490e+000 5.23598775598299e-001 5.23598775598299e-001 7.50000000012961e-001 -1.94407946799699e-011 0.00000000000000e+000 1.00000000000000e+000 9.99218750000032e+001 
1.57079632679490e+000 5.23598775598299e-001 1.57079632679490e+000 3.88815893609477e-011 -1.00785199411203e-021 0.00000000000000e+000 1.00000000000000e+000 9.99687500000016e+001 
1.57079632679490e+000 5.23598775598299e-001 2.61799387799149e+000 -7.49999999974079e-001 1.94407946789621e-011 0.00000000000000e+000 1.00000000000000e+000 9.99218750000081e+001 
1.57079632679490e+000 5.23598775598299e-001 3.66519142918809e+000 -7.50000000051842e-001 1.94407946809778e-011 0.00000000000000e+000 1.00000000000000e+000 9.99218749999984e+001 
1.57079632679490e+000 5.23598775598299e-001 4.71238898038469e+000 -1.16644768082843e-010 3.02355598233609e-021 0.00000000000000e+000 1.00000000000000e+000 9.99687500000016e+001 
1.57079632679490e+000 5.23598775598299e-001 5.75958653158129e+000 7.49999999935197e-001 -1.94407946779542e-011 0.00000000000000e+000 1.00000000000000e+000 9.99218750000130e+001 
1.57079632679490e+000 1.57079632679490e+000 5.23598775598299e-001 3.88815893609477e-011 -3.88815893609477e-011 0.00000000000000e+000 1.00000000000000e+000 9.96874999999968e+001 
1.57079632679490e+000 1.57079632679490e+000 1.57079632679490e+000 2.01570398827631e-021 -2.01570398827631e-021 0.00000000000000e+000 1.00000000000000e+000 9.98750000000000e+001 
1.57079632679490e+000 1.57079632679490e+000 2.61799387799149e+000 -3.88815893589319e-011 3.88815893589319e-011 0.00000000000000e+000 1.00000000000000e+000 9.96875000000162e+001 
1.57079632679490e+000 1.57079632679490e+000 3.66519142918809e+000 -3.88815893629634e-011 3.88815893629634e-011 0.00000000000000e+000 1.00000000000000e+000 9.96874999999773e+001 
1.57079632679490e+000 1.57079632679490e+000 4.71238898038469e+000 -6.04711196482894e-021 6.04711196482894e-021 0.00000000000000e+000 1.00000000000000e+000 9.98750000000000e+001 
1.57079632679490e+000 1.57079632679490e+000 5.75958653158129e+000 3.88815893569163e-011 -3.88815893569163e-011 0.00000000000000e+000 1.00000000000000e+000 9.96875000000356e+001 
1.57079632679490e+000 2.61799387799149e+000 5.23598775598299e-001 -7.49999999974079e-001 -1.94407946829935e-011 0.00000000000000e+000 1.00000000000000e+000 9.99218749999789e+001 
1.57079632679490e+000 2.61799387799149e+000 1.57079632679490e+000 -3.88815893589319e-011 -1.00785199426878e-021 0.00000000000000e+000 1.00000000000000e+000 9.99687499999919e+001 
1.57079632679490e+000 2.61799387799149e+000 2.61799387799149e+000 7.49999999935197e-001 1.94407946819856e-011 0.00000000000000e+000 1.00000000000000e+000 9.99218749999838e+001 
1.57079632679490e+000 2.61799387799149e+000 3.66519142918809e+000 7.50000000012960e-001 1.94407946840013e-011 0.00000000000000e+000 1.00000000000000e+000 9.99218749999741e+001 
1.57079632679490e+000 2.61799387799149e+000 4.71238898038469e+000 1.16644768076796e-010 3.02355598280634e-021 0.00000000000000e+000 1.00000000000000e+000 9.99687499999919e+001 
1.57079632679490e+000 2.61799387799149e+000 5.75958653158129e+000 -7.49999999896316e-001 -1.94407946809778e-011 0.00000000000000e+000 1.00000000000000e+000 9.99218749999887e+001 
1.57079632679490e+000 3.66519142918809e+000 5.23598775598299e-001 -7.50000000051842e-001 1.94407946769463e-011 0.00000000000000e+000 1.00000000000000e+000 9.99218750000275e+001 
1.57079632679490e+000 3.66519142918809e+000 1.57079632679490e+000 -3.88815893629634e-011 1.00785199395528e-021 0.00000000000000e+000 1.00000000000000e+000 9.99687500000113e+001 
1.57079632679490e+000 3.66519142918809e+000 2.61799387799149e+000 7.50000000012960e-001 -1.94407946759385e-011 0.00000000000000e+000 1.00000000000000e+000 9.99218750000324e+001 
1.57079632679490e+000 3.66519142918809e+000 3.66519142918809e+000 7.50000000090724e-001 -1.94407946779542e-011 0.00000000000000e+000 1.00000000000000e+000 9.99218750000227e+001 
1.57079632679490e+000 3.66519142918809e+000 4.71238898038469e+000 1.16644768088890e-010 -3.02355598186585e-021 0.00000000000000e+000 1.00000000000000e+000 9.99687500000113e+001 
1.57079632679490e+000 3.66519142918809e+000 5.75958653158129e+000 -7.49999999974079e-001 1.94407946749306e-011 0.00000000000000e+000 1.00000000000000e+000 9.99218750000373e+001 
1.57079632679490e+000 4.71238898038469e+000 5.23598775598299e-001 -1.16644768082843e-010 3.88815893609477e-011 0.00000000000000e+000 1.00000000000000e+000 9.96874999999968e+001 
1.57079632679490e+000 4.71238898038469e+000 1.57079632679490e+000 -6.04711196482894e-021 2.01570398827631e-021 0.00000000000000e+000 1.00000000000000e+000 9.98750000000000e+001 
1.57079632679490e+000 4.71238898038469e+000 2.61799387799149e+000 1.16644768076796e-010 -3.88815893589319e-011 0.00000000000000e+000 1.00000000000000e+000 9.96875000000162e+001 
1.57079632679490e+000 4.71238898038469e+000 3.66519142918809e+000 1.16644768088890e-010 -3.88815893629634e-011 0.00000000000000e+000 1.00000000000000e+000 9.96874999999773e+001 
1.57079632679490e+000 4.71238898038469e+000 4.71238898038469e+000 1.81413358944868e-020 -6.04711196482894e-021 0.00000000000000e+000 1.00000000000000e+000 9.98750000000000e+001 
1.57079632679490e+000 4.71238898038469e+000 5.75958653158129e+000 -1.16644768070749e-010 3.88815893569163e-011 0.00000000000000e+000 1.00000000000000e+000 9.96875000000356e+001 
1.57079632679490e+000 5.75958653158129e+000 5.23598775598299e-001 7.49999999935197e-001 1.94407946860170e-011 0.00000000000000e+000 1.00000000000000e+000 9.99218749999546e+001 
1.57079632679490e+000 5.75958653158129e+000 1.57079632679490e+000 3.88815893569163e-011 1.00785199442553e-021 0.00000000000000e+000 1.00000000000000e+000 9.99687499999822e+001 
1.57079632679490e+000 5.75958653158129e+000 2.61799387799149e+000 -7.49999999896316e-001 -1.94407946850092e-011 0.00000000000000e+000 1.00000000000000e+000 9.99218749999595e+001 
1.57079632679490e+000 5.75958653158129e+000 3.66519142918809e+000 -7.49999999974079e-001 -1.94407946870249e-011 0.00000000000000e+000 1.00000000000000e+000 9.99218749999498e+001 
1.57079632679490e+000 5.75958653158129e+000 4.71238898038469e+000 -1.16644768070749e-010 -3.02355598327658e-021 0.00000000000000e+000 1.00000000000000e+000 9.99687499999822e+001 
1.57079632679490e+000 5.75958653158129e+000 5.75958653158129e+000 7.49999999857434e-001 1.94407946840013e-011 0.00000000000000e+000 1.00000000000000e+000 9.99218749999644e+001 
2.61799387799149e+000 5.23598775598299e-001 5.23598775598299e-001 3.75000000055083e-001 3.74999999977319e-001 0.00000000000000e+000 1.00000000000000e+000 1.00156249999985e+002 
2.61799387799149e+000 5.23598775598299e-001 1.57079632679490e+000 1.94407946829935e-011 1.94407946789621e-011 0.00000000000000e+000 1.00000000000000e+000 1.00062499999994e+002 
2.61799387799149e+000 5.23598775598299e-001 2.61799387799149e+000 -3.75000000035642e-001 -3.74999999957878e-001 0.00000000000000e+000 1.00000000000000e+000 1.00156249999976e+002 
2.61799387799149e+000 5.23598775598299e-001 3.66519142918809e+000 -3.75000000074523e-001 -3.74999999996760e-001 0.00000000000000e+000 1.00000000000000e+000 1.00156249999995e+002 
2.61799387799149e+000 5.23598775598299e-001 4.71238898038469e+000 -5.83223840489804e-011 -5.83223840368861e-011 0.00000000000000e+000 1.00000000000000e+000 1.00062499999994e+002 
2.61799387799149e+000 5.23598775598299e-001 5.75958653158129e+000 3.75000000016201e-001 3.74999999938437e-001 0.00000000000000e+000 1.00000000000000e+000 1.00156249999966e+002 
2.61799387799149e+000 1.57079632679490e+000 5.23598775598299e-001 1.94407946829935e-011 7.49999999974079e-001 0.00000000000000e+000 1.00000000000000e+000 9.99218749999789e+001 
2.61799387799149e+000 1.57079632679490e+000 1.57079632679490e+000 1.00785199426878e-021 3.88815893589319e-011 0.00000000000000e+000 1.00000000000000e+000 9.99687499999919e+001 
2.61799387799149e+000 1.57079632679490e+000 2.61799387799149e+000 -1.94407946819856e-011 -7.49999999935197e-001 0.00000000000000e+000 1.00000000000000e+000 9.99218749999838e+001 
2.61799387799149e+000 1.57079632679490e+000 3.66519142918809e+000 -1.94407946840013e-011 -7.50000000012960e-001 0.00000000000000e+000 1.00000000000000e+000 9.99218749999741e+001 
2.61799387799149e+000 1.57079632679490e+000 4.71238898038469e+000 -3.02355598280634e-021 -1.16644768076796e-010 0.00000000000000e+000 1.00000000000000e+000 9.99687499999919e+001 
2.61799387799149e+000 1.57079632679490e+000 5.75958653158129e+000 1.94407946809778e-011 7.49999999896316e-001 0.00000000000000e+000 1.00000000000000e+000 9.99218749999887e+001 
2.61799387799149e+000 2.61799387799149e+000 5.23598775598299e-001 -3.75000000035642e-001 3.75000000035642e-001 0.00000000000000e+000 1.00000000000000e+000 1.00156249999961e+002 
2.61799387799149e+000 2.61799387799149e+000 1.57079632679490e+000 -1.94407946819856e-011 1.94407946819856e-011 0.00000000000000e+000 1.00000000000000e+000 1.00062499999984e+002 
2.61799387799149e+000 2.61799387799149e+000 2.61799387799149e+000 3.75000000016201e-001 -3.75000000016201e-001 0.00000000000000e+000 1.00000000000000e+000 1.00156249999951e+002 
2.61799387799149e+000 2.61799387799149e+000 3.66519142918809e+000 3.75000000055082e-001 -3.75000000055082e-001 0.00000000000000e+000 1.00000000000000e+000 1.00156249999971e+002 
2.61799387799149e+000 2.61799387799149e+000 4.71238898038469e+000 5.83223840459569e-011 -5.83223840459569e-011 0.00000000000000e+000 1.00000000000000e+000 1.00062499999984e+002 
2.61799387799149e+000 2.61799387799149e+000 5.75958653158129e+000 -3.74999999996760e-001 3.74999999996760e-001 0.00000000000000e+000 1.00000000000000e+000 1.00156249999942e+002 
2.61799387799149e+000 3.66519142918809e+000 5.23598775598299e-001 -3.75000000074523e-001 -3.74999999918997e-001 0.00000000000000e+000 1.00000000000000e+000 1.00156250000010e+002 
2.61799387799149e+000 3.66519142918809e+000 1.57079632679490e+000 -1.94407946840013e-011 -1.94407946759385e-011 0.00000000000000e+000 1.00000000000000e+000 1.00062500000003e+002 
2.61799387799149e+000 3.66519142918809e+000 2.61799387799149e+000 3.75000000055082e-001 3.74999999899556e-001 0.00000000000000e+000 1.00000000000000e+000 1.00156250000000e+002 
2.61799387799149e+000 3.66519142918809e+000 3.66519142918809e+000 3.75000000093964e-001 3.74999999938437e-001 0.00000000000000e+000 1.00000000000000e+000 1.00156250000019e+002 
2.61799387799149e+000 3.66519142918809e+000 4.71238898038469e+000 5.83223840520040e-011 5.83223840278155e-011 0.00000000000000e+000 1.00000000000000e+000 1.00062500000003e+002 
2.61799387799149e+000 3.66519142918809e+000 5.75958653158129e+000 -3.75000000035642e-001 -3.74999999880115e-001 0.00000000000000e+000 1.00000000000000e+000 1.00156249999990e+002 
2.61799387799149e+000 4.71238898038469e+000 5.23598775598299e-001 -5.83223840489804e-011 -7.49999999974079e-001 0.00000000000000e+000 1.00000000000000e+000 9.99218749999789e+001 
2.61799387799149e+000 4.71238898038469e+000 1.57079632679490e+000 -3.02355598280634e-021 -3.88815893589319e-011 0.00000000000000e+000 1.00000000000000e+000 9.99687499999919e+001 
2.61799387799149e+000 4.71238898038469e+000 2.61799387799149e+000 5.83223840459569e-011 7.49999999935197e-001 0.00000000000000e+000 1.00000000000000e+000 9.99218749999838e+001 
2.61799387799149e+000 4.71238898038469e+000 3.66519142918809e+000 5.83223840520040e-011 7.50000000012960e-001 0.00000000000000e+000 1.00000000000000e+000 9.99218749999741e+001 
2.61799387799149e+000 4.71238898038469e+000 4.71238898038469e+000 9.07066794841902e-021 1.16644768076796e-010 0.00000000000000e+000 1.00000000000000e+000 9.99687499999919e+001 
2.61799387799149e+000 4.71238898038469e+000 5.75958653158129e+000 -5.83223840429333e-011 -7.49999999896316e-001 0.00000000000000e+000 1.00000000000000e+000 9.99218749999887e+001 
2.61799387799149e+000 5.75958653158129e+000 5.23598775598299e-001 3.75000000016201e-001 -3.75000000093964e-001 0.00000000000000e+000 1.00000000000000e+000 1.00156249999937e+002 
2.61799387799149e+000 5.75958653158129e+000 1.57079632679490e+000 1.94407946809778e-011 -1.94407946850092e-011 0.00000000000000e+000 1.00000000000000e+000 1.00062499999974e+002 
2.61799387799149e+000 5.75958653158129e+000 2.61799387799149e+000 -3.74999999996760e-001 3.75000000074523e-001 0.00000000000000e+000 1.00000000000000e+000 1.00156249999927e+002 
2.61799387799149e+000 5.75958653158129e+000 3.66519142918809e+000 -3.75000000035642e-001 3.75000000113405e-001 0.00000000000000e+000 1.00000000000000e+000 1.00156249999947e+002 
2.61799387799149e+000 5.75958653158129e+000 4.71238898038469e+000 -5.83223840429333e-011 5.83223840550275e-011 0.00000000000000e+000 1.00000000000000e+000 1.00062499999974e+002 
2.61799387799149e+000 5.75958653158129e+000 5.75958653158129e+000 3.74999999977319e-001 -3.75000000055082e-001 0.00000000000000e+000 1.00000000000000e+000 1.00156249999917e+002 
3.66519142918809e+000 5.23598775598299e-001 5.23598775598299e-001 -3.74999999938437e-001 3.75000000016201e-001 0.00000000000000e+000 1.00000000000000e+000 1.00156250000034e+002 
3.66519142918809e+000 5.23598775598299e-001 1.57079632679490e+000 -1.94407946769464e-011 1.94407946809778e-011 0.00000000000000e+000 1.00000000000000e+000 1.00062500000013e+002 
3.66519142918809e+000 5.23598775598299e-001 2.61799387799149e+000 3.74999999918997e-001 -3.74999999996760e-001 0.00000000000000e+000 1.00000000000000e+000 1.00156250000024e+002 
3.66519142918809e+000 5.23598775598299e-001 3.66519142918809e+000 3.74999999957878e-001 -3.75000000035641e-001 0.00000000000000e+000 1.00000000000000e+000 1.00156250000044e+002 
3.66519142918809e+000 5.23598775598299e-001 4.71238898038469e+000 5.83223840308390e-011 -5.83223840429333e-011 0.00000000000000e+000 1.00000000000000e+000 1.00062500000013e+002 
3.66519142918809e+000 5.23598775598299e-001 5.75958653158129e+000 -3.74999999899556e-001 3.74999999977319e-001 0.00000000000000e+000 1.00000000000000e+000 1.00156250000015e+002 
3.66519142918809e+000 1.57079632679490e+000 5.23598775598299e-001 -1.94407946769463e-011 7.50000000051842e-001 0.00000000000000e+000 1.00000000000000e+000 9.99218750000275e+001 
3.66519142918809e+000 1.57079632679490e+000 1.57079632679490e+000 -1.00785199395528e-021 3.88815893629634e-011 0.00000000000000e+000 1.00000000000000e+000 9.99687500000113e+001 
3.66519142918809e+000 1.57079632679490e+000 2.61799387799149e+000 1.94407946759385e-011 -7.50000000012960e-001 0.00000000000000e+000 1.00000000000000e+000 9.99218750000324e+001 
3.66519142918809e+000 1.57079632679490e+000 3.66519142918809e+000 1.94407946779542e-011 -7.50000000090724e-001 0.00000000000000e+000 1.00000000000000e+000 9.99218750000227e+001 
3.66519142918809e+000 1.57079632679490e+000 4.71238898038469e+000 3.02355598186585e-021 -1.16644768088890e-010 0.00000000000000e+000 1.00000000000000e+000 9.99687500000113e+001 
3.66519142918809e+000 1.57079632679490e+000 5.75958653158129e+000 -1.94407946749306e-011 7.49999999974079e-001 0.00000000000000e+000 1.00000000000000e+000 9.99218750000373e+001 
3.66519142918809e+000 2.61799387799149e+000 5.23598775598299e-001 3.74999999918997e-001 3.75000000074523e-001 0.00000000000000e+000 1.00000000000000e+000 1.00156250000010e+002 
3.66519142918809e+000 2.61799387799149e+000 1.57079632679490e+000 1.94407946759385e-011 1.94407946840013e-011 0.00000000000000e+000 1.00000000000000e+000 1.00062500000003e+002 
3.66519142918809e+000 2.61799387799149e+000 2.61799387799149e+000 -3.74999999899556e-001 -3.75000000055082e-001 0.00000000000000e+000 1.00000000000000e+000 1.00156250000000e+002 
3.66519142918809e+000 2.61799387799149e+000 3.66519142918809e+000 -3.74999999938437e-001 -3.75000000093964e-001 0.00000000000000e+000 1.00000000000000e+000 1.00156250000019e+002 
3.66519142918809e+000 2.61799387799149e+000 4.71238898038469e+000 -5.83223840278155e-011 -5.83223840520040e-011 0.00000000000000e+000 1.00000000000000e+000 1.00062500000003e+002 
3.66519142918809e+000 2.61799387799149e+000 5.75958653158129e+000 3.74999999880115e-001 3.75000000035642e-001 0.00000000000000e+000 1.00000000000000e+000 1.00156249999990e+002 
3.66519142918809e+000 3.66519142918809e+000 5.23598775598299e-001 3.74999999957878e-001 -3.74999999957878e-001 0.00000000000000e+000 1.00000000000000e+000 1.00156250000058e+002 
3.66519142918809e+000 3.66519142918809e+000 1.57079632679490e+000 1.94407946779542e-011 -1.94407946779542e-011 0.00000000000000e+000 1.00000000000000e+000 1.00062500000023e+002 
3.66519142918809e+000 3.66519142918809e+000 2.61799387799149e+000 -3.74999999938437e-001 3.74999999938437e-001 0.00000000000000e+000 1.00000000000000e+000 1.00156250000049e+002 
3.66519142918809e+000 3.66519142918809e+000 3.66519142918809e+000 -3.74999999977319e-001 3.74999999977319e-001 0.00000000000000e+000 1.00000000000000e+000 1.00156250000068e+002 
3.66519142918809e+000 3.66519142918809e+000 4.71238898038469e+000 -5.83223840338626e-011 5.83223840338626e-011 0.00000000000000e+000 1.00000000000000e+000 1.00062500000023e+002 
3.66519142918809e+000 3.66519142918809e+000 5.75958653158129e+000 3.74999999918997e-001 -3.74999999918997e-001 0.00000000000000e+000 1.00000000000000e+000 1.00156250000039e+002 
3.66519142918809e+000 4.71238898038469e+000 5.23598775598299e-001 5.83223840308391e-011 -7.50000000051842e-001 0.00000000000000e+000 1.00000000000000e+000 9.99218750000275e+001 
3.66519142918809e+000 4.71238898038469e+000 1.57079632679490e+000 3.02355598186585e-021 -3.88815893629634e-011 0.00000000000000e+000 1.00000000000000e+000 9.99687500000113e+001 
3.66519142918809e+000 4.71238898038469e+000 2.61799387799149e+000 -5.83223840278155e-011 7.50000000012960e-001 0.00000000000000e+000 1.00000000000000e+000 9.99218750000324e+001 
3.66519142918809e+000 4.71238898038469e+000 3.66519142918809e+000 -5.83223840338626e-011 7.50000000090724e-001 0.00000000000000e+000 1.00000000000000e+000 9.99218750000227e+001 
3.66519142918809e+000 4.71238898038469e+000 4.71238898038469e+000 -9.07066794559755e-021 1.16644768088890e-010 0.00000000000000e+000 1.00000000000000e+000 9.99687500000113e+001 
3.66519142918809e+000 4.71238898038469e+000 5.75958653158129e+000 5.83223840247919e-011 -7.49999999974079e-001 0.00000000000000e+000 1.00000000000000e+000 9.99218750000373e+001 
3.66519142918809e+000 5.75958653158129e+000 5.23598775598299e-001 -3.74999999899556e-001 -3.75000000132845e-001 0.00000000000000e+000 1.00000000000000e+000 1.00156249999985e+002 
3.66519142918809e+000 5.75958653158129e+000 1.57079632679490e+000 -1.94407946749306e-011 -1.94407946870249e-011 0.00000000000000e+000 1.00000000000000e+000 1.00062499999994e+002 
3.66519142918809e+000 5.75958653158129e+000 2.61799387799149e+000 3.74999999880115e-001 3.75000000113405e-001 0.00000000000000e+000 1.00000000000000e+000 1.00156249999976e+002 
3.66519142918809e+000 5.75958653158129e+000 3.66519142918809e+000 3.74999999918997e-001 3.75000000152286e-001 0.00000000000000e+000 1.00000000000000e+000 1.00156249999995e+002 
3.66519142918809e+000 5.75958653158129e+000 4.71238898038469e+000 5.83223840247919e-011 5.83223840610746e-011 0.00000000000000e+000 1.00000000000000e+000 1.00062499999994e+002 
3.66519142918809e+000 5.75958653158129e+000 5.75958653158129e+000 -3.74999999860674e-001 -3.75000000093964e-001 0.00000000000000e+000 1.00000000000000e+000 1.00156249999966e+002 
4.71238898038469e+000 5.23598775598299e-001 5.23598775598299e-001 -7.50000000012961e-001 5.83223840399097e-011 0.00000000000000e+000 1.00000000000000e+000 9.99218750000032e+001 
4.71238898038469e+000 5.23598775598299e-001 1.57079632679490e+000 -3.88815893609477e-011 3.02355598233609e-021 0.00000000000000e+000 1.00000000000000e+000 9.99687500000016e+001 
4.71238898038469e+000 5.23598775598299e-001 2.61799387799149e+000 7.49999999974079e-001 -5.83223840368861e-011 0.00000000000000e+000 1.00000000000000e+000 9.99218750000081e+001 
4.71238898038469e+000 5.23598775598299e-001 3.66519142918809e+000 7.50000000051842e-001 -5.83223840429333e-011 0.00000000000000e+000 1.00000000000000e+000 9.99218749999984e+001 
4.71238898038469e+000 5.23598775598299e-001 4.71238898038469e+000 1.16644768082843e-010 -9.07066794700828e-021 0.00000000000000e+000 1.00000000000000e+000 9.99687500000016e+001 
4.71238898038469e+000 5.23598775598299e-001 5.75958653158129e+000 -7.49999999935197e-001 5.83223840338626e-011 0.00000000000000e+000 1.00000000000000e+000 9.99218750000130e+001 
4.71238898038469e+000 1.57079632679490e+000 5.23598775598299e-001 -3.88815893609477e-011 1.16644768082843e-010 0.00000000000000e+000 1.00000000000000e+000 9.96874999999968e+001 
4.71238898038469e+000 1.57079632679490e+000 1.57079632679490e+000 -2.01570398827631e-021 6.04711196482894e-021 0.00000000000000e+000 1.00000000000000e+000 9.98750000000000e+001 
4.71238898038469e+000 1.57079632679490e+000 2.61799387799149e+000 3.88815893589319e-011 -1.16644768076796e-010 0.00000000000000e+000 1.00000000000000e+000 9.96875000000162e+001 
4.71238898038469e+000 1.57079632679490e+000 3.66519142918809e+000 3.88815893629634e-011 -1.16644768088890e-010 0.00000000000000e+000 1.00000000000000e+000 9.96874999999773e+001 
4.71238898038469e+000 1.57079632679490e+000 4.71238898038469e+000 6.04711196482894e-021 -1.81413358944868e-020 0.00000000000000e+000 1.00000000000000e+000 9.98750000000000e+001 
4.71238898038469e+000 1.57079632679490e+000 5.75958653158129e+000 -3.88815893569163e-011 1.16644768070749e-010 0.00000000000000e+000 1.00000000000000e+000 9.96875000000356e+001 
4.71238898038469e+000 2.61799387799149e+000 5.23598775598299e-001 7.49999999974079e-001 5.83223840489804e-011 0.00000000000000e+000 1.00000000000000e+000 9.99218749999789e+001 
4.71238898038469e+000 2.61799387799149e+000 1.57079632679490e+000 3.88815893589319e-011 3.02355598280634e-021 0.00000000000000e+000 1.00000000000000e+000 9.99687499999919e+001 
4.71238898038469e+000 2.61799387799149e+000 2.61799387799149e+000 -7.49999999935197e-001 -5.83223840459569e-011 0.00000000000000e+000 1.00000000000000e+000 9.99218749999838e+001 
4.71238898038469e+000 2.61799387799149e+000 3.66519142918809e+000 -7.50000000012960e-001 -5.83223840520040e-011 0.00000000000000e+000 1.00000000000000e+000 9.99218749999741e+001 
4.71238898038469e+000 2.61799387799149e+000 4.71238898038469e+000 -1.16644768076796e-010 -9.07066794841902e-021 0.00000000000000e+000 1.00000000000000e+000 9.99687499999919e+001 
4.71238898038469e+000 2.61799387799149e+000 5.75958653158129e+000 7.49999999896316e-001 5.83223840429333e-011 0.00000000000000e+000 1.00000000000000e+000 9.99218749999887e+001 
4.71238898038469e+000 3.66519142918809e+000 5.23598775598299e-001 7.50000000051842e-001 -5.83223840308391e-011 0.00000000000000e+000 1.00000000000000e+000 9.99218750000275e+001 
4.71238898038469e+000 3.66519142918809e+000 1.57079632679490e+000 3.88815893629634e-011 -3.02355598186585e-021 0.00000000000000e+000 1.00000000000000e+000 9.99687500000113e+001 
4.71238898038469e+000 3.66519142918809e+000 2.61799387799149e+000 -7.50000000012960e-001 5.83223840278155e-011 0.00000000000000e+000 1.00000000000000e+000 9.99218750000324e+001 
4.71238898038469e+000 3.66519142918809e+000 3.66519142918809e+000 -7.50000000090724e-001 5.83223840338626e-011 0.00000000000000e+000 1.00000000000000e+000 9.99218750000227e+001 
4.71238898038469e+000 3.66519142918809e+000 4.71238898038469e+000 -1.16644768088890e-010 9.07066794559755e-021 0.00000000000000e+000 1.00000000000000e+000 9.99687500000113e+001 
4.71238898038469e+000 3.66519142918809e+000 5.75958653158129e+000 7.49999999974079e-001 -5.83223840247919e-011 0.00000000000000e+000 1.00000000000000e+000 9.99218750000373e+001 
4.71238898038469e+000 4.71238898038469e+000 5.23598775598299e-001 1.16644768082843e-010 -1.16644768082843e-010 0.00000000000000e+000 1.00000000000000e+000 9.96874999999968e+001 
4.71238898038469e+000 4.71238898038469e+000 1.57079632679490e+000 6.04711196482894e-021 -6.04711196482894e-021 0.00000000000000e+000 1.00000000000000e+000 9.98750000000000e+001 
4.71238898038469e+000 4.71238898038469e+000 2.61799387799149e+000 -1.16644768076796e-010 1.16644768076796e-010 0.00000000000000e+000 1.00000000000000e+000 9.96875000000162e+001 
4.71238898038469e+000 4.71238898038469e+000 3.66519142918809e+000 -1.16644768088890e-010 1.16644768088890e-010 0.00000000000000e+000 1.00000000000000e+000 9.96874999999773e+001 
4.71238898038469e+000 4.71238898038469e+000 4.71238898038469e+000 -1.81413358944868e-020 1.81413358944868e-020 0.00000000000000e+000 1.00000000000000e+000 9.98750000000000e+001 
4.71238898038469e+000 4.71238898038469e+000 5.75958653158129e+000 1.16644768070749e-010 -1.16644768070749e-010 0.00000000000000e+000 1.00000000000000e+000 9.96875000000356e+001 
4.71238898038469e+000 5.75958653158129e+000 5.23598775598299e-001 -7.49999999935197e-001 -5.83223840580510e-011 0.00000000000000e+000 1.00000000000000e+000 9.99218749999546e+001 
4.71238898038469e+000 5.75958653158129e+000 1.57079632679490e+000 -3.88815893569163e-011 -3.02355598327658e-021 0.00000000000000e+000 1.00000000000000e+000 9.99687499999822e+001 
4.71238898038469e+000 5.75958653158129e+000 2.61799387799149e+000 7.49999999896316e-001 5.83223840550275e-011 0.00000000000000e+000 1.00000000000000e+000 9.99218749999595e+001 
4.71238898038469e+000 5.75958653158129e+000 3.66519142918809e+000 7.49999999974079e-001 5.83223840610746e-011 0.00000000000000e+000 1.00000000000000e+000 9.99218749999498e+001 
4.71238898038469e+000 5.75958653158129e+000 4.71238898038469e+000 1.16644768070749e-010 9.07066794982974e-021 0.00000000000000e+000 1.00000000000000e+000 9.99687499999822e+001 
4.71238898038469e+000 5.75958653158129e+000 5.75958653158129e+000 -7.49999999857434e-001 -5.83223840520039e-011 0.00000000000000e+000 1.00000000000000e+000 9.99218749999644e+001 
5.75958653158129e+000 5.23598775598299e-001 5.23598775598299e-001 -3.75000000113405e-001 -3.74999999957878e-001 0.00000000000000e+000 1.00000000000000e+000 1.00156249999961e+002 
5.75958653158129e+000 5.23598775598299e-001 1.57079632679490e+000 -1.94407946860170e-011 -1.94407946779542e-011 0.00000000000000e+000 1.00000000000000e+000 1.00062499999984e+002 
5.75958653158129e+000 5.23598775598299e-001 2.61799387799149e+000 3.75000000093964e-001 3.74999999938437e-001 0.00000000000000e+000 1.00000000000000e+000 1.00156249999951e+002 
5.75958653158129e+000 5.23598775598299e-001 3.66519142918809e+000 3.75000000132845e-001 3.74999999977319e-001 0.00000000000000e+000 1.00000000000000e+000 1.00156249999971e+002 
5.75958653158129e+000 5.23598775598299e-001 4.71238898038469e+000 5.83223840580510e-011 5.83223840338626e-011 0.00000000000000e+000 1.00000000000000e+000 1.00062499999984e+002 
5.75958653158129e+000 5.23598775598299e-001 5.75958653158129e+000 -3.75000000074523e-001 -3.74999999918997e-001 0.00000000000000e+000 1.00000000000000e+000 1.00156249999942e+002 
5.75958653158129e+000 1.57079632679490e+000 5.23598775598299e-001 -1.94407946860170e-011 -7.49999999935197e-001 0.00000000000000e+000 1.00000000000000e+000 9.99218749999546e+001 
5.75958653158129e+000 1.57079632679490e+000 1.57079632679490e+000 -1.00785199442553e-021 -3.88815893569163e-011 0.00000000000000e+000 1.00000000000000e+000 9.99687499999822e+001 
5.75958653158129e+000 1.57079632679490e+000 2.61799387799149e+000 1.94407946850092e-011 7.49999999896316e-001 0.00000000000000e+000 1.00000000000000e+000 9.99218749999595e+001 
5.75958653158129e+000 1.57079632679490e+000 3.66519142918809e+000 1.94407946870249e-011 7.49999999974079e-001 0.00000000000000e+000 1.00000000000000e+000 9.99218749999498e+001 
5.75958653158129e+000 1.57079632679490e+000 4.71238898038469e+000 3.02355598327658e-021 1.16644768070749e-010 0.00000000000000e+000 1.00000000000000e+000 9.99687499999822e+001 
5.75958653158129e+000 1.57079632679490e+000 5.75958653158129e+000 -1.94407946840013e-011 -7.49999999857434e-001 0.00000000000000e+000 1.00000000000000e+000 9.99218749999644e+001 
5.75958653158129e+000 2.61799387799149e+000 5.23598775598299e-001 3.75000000093964e-001 -3.75000000016201e-001 0.00000000000000e+000 1.00000000000000e+000 1.00156249999937e+002 
5.75958653158129e+000 2.61799387799149e+000 1.57079632679490e+000 1.94407946850092e-011 -1.94407946809778e-011 0.00000000000000e+000 1.00000000000000e+000 1.00062499999974e+002 
5.75958653158129e+000 2.61799387799149e+000 2.61799387799149e+000 -3.75000000074523e-001 3.74999999996760e-001 0.00000000000000e+000 1.00000000000000e+000 1.00156249999927e+002 
5.75958653158129e+000 2.61799387799149e+000 3.66519142918809e+000 -3.75000000113405e-001 3.75000000035642e-001 0.00000000000000e+000 1.00000000000000e+000 1.00156249999947e+002 
5.75958653158129e+000 2.61799387799149e+000 4.71238898038469e+000 -5.83223840550275e-011 5.83223840429333e-011 0.00000000000000e+000 1.00000000000000e+000 1.00062499999974e+002 
5.75958653158129e+000 2.61799387799149e+000 5.75958653158129e+000 3.75000000055082e-001 -3.74999999977319e-001 0.00000000000000e+000 1.00000000000000e+000 1.00156249999917e+002 
5.75958653158129e+000 3.66519142918809e+000 5.23598775598299e-001 3.75000000132845e-001 3.74999999899556e-001 0.00000000000000e+000 1.00000000000000e+000 1.00156249999985e+002 
5.75958653158129e+000 3.66519142918809e+000 1.57079632679490e+000 1.94407946870249e-011 1.94407946749306e-011 0.00000000000000e+000 1.00000000000000e+000 1.00062499999994e+002 
5.75958653158129e+000 3.66519142918809e+000 2.61799387799149e+000 -3.75000000113405e-001 -3.74999999880115e-001 0.00000000000000e+000 1.00000000000000e+000 1.00156249999976e+002 
5.75958653158129e+000 3.66519142918809e+000 3.66519142918809e+000 -3.75000000152286e-001 -3.74999999918997e-001 0.00000000000000e+000 1.00000000000000e+000 1.00156249999995e+002 
5.75958653158129e+000 3.66519142918809e+000 4.71238898038469e+000 -5.83223840610746e-011 -5.83223840247919e-011 0.00000000000000e+000 1.00000000000000e+000 1.00062499999994e+002 
5.75958653158129e+000 3.66519142918809e+000 5.75958653158129e+000 3.75000000093964e-001 3.74999999860674e-001 0.00000000000000e+000 1.00000000000000e+000 1.00156249999966e+002 
5.75958653158129e+000 4.71238898038469e+000 5.23598775598299e-001 5.83223840580510e-011 7.49999999935197e-001 0.00000000000000e+000 1.00000000000000e+000 9.99218749999546e+001 
5.75958653158129e+000 4.71238898038469e+000 1.57079632679490e+000 3.02355598327658e-021 3.88815893569163e-011 0.00000000000000e+000 1.00000000000000e+000 9.99687499999822e+001 
5.75958653158129e+000 4.71238898038469e+000 2.61799387799149e+000 -5.83223840550275e-011 -7.49999999896316e-001 0.00000000000000e+000 1.00000000000000e+000 9.99218749999595e+001 
5.75958653158129e+000 4.71238898038469e+000 3.66519142918809e+000 -5.83223840610746e-011 -7.49999999974079e-001 0.00000000000000e+000 1.00000000000000e+000 9.99218749999498e+001 
5.75958653158129e+000 4.71238898038469e+000 4.71238898038469e+000 -9.07066794982974e-021 -1.16644768070749e-010 0.00000000000000e+000 1.00000000000000e+000 9.99687499999822e+001 
5.75958653158129e+000 4.71238898038469e+000 5.75958653158129e+000 5.83223840520039e-011 7.49999999857434e-001 0.00000000000000e+000 1.00000000000000e+000 9.99218749999644e+001 
5.75958653158129e+000 5.75958653158129e+000 5.23598775598299e-001 -3.75000000074523e-001 3.75000000074523e-001 0.00000000000000e+000 1.00000000000000e+000 1.00156249999913e+002 
5.75958653158129e+000 5.75958653158129e+000 1.57079632679490e+000 -1.94407946840013e-011 1.94407946840013e-011 0.00000000000000e+000 1.00000000000000e+000 1.00062499999964e+002 
5.75958653158129e+000 5.75958653158129e+000 2.61799387799149e+000 3.75000000055082e-001 -3.75000000055082e-001 0.00000000000000e+000 1.00000000000000e+000 1.00156249999903e+002 
5.75958653158129e+000 5.75958653158129e+000 3.66519142918809e+000 3.75000000093964e-001 -3.75000000093964e-001 0.00000000000000e+000 1.00000000000000e+000 1.00156249999922e+002 
5.75958653158129e+000 5.75958653158129e+000 4.71238898038469e+000 5.83223840520039e-011 -5.83223840520039e-011 0.00000000000000e+000 1.00000000000000e+000 1.00062499999964e+002 
5.75958653158129e+000 5.75958653158129e+000 5.75958653158129e+000 -3.75000000035641e-001 3.75000000035641e-001 0.00000000000000e+000 1.00000000000000e+000 1.00156249999893e+002 
